0 info it worked if it ends with ok
1 verbose cli [ 'node', '/usr/local/bin/npm', 'i', '--save-dev', 'gulp-crypt' ]
2 info using npm@2.1.6
3 info using node@v0.10.33
4 verbose node symlink /usr/local/bin/node
5 warn package.json admin@1.0.0 No description
6 warn package.json admin@1.0.0 No repository field.
7 warn package.json admin@1.0.0 No README data
8 silly cache add args [ 'gulp-crypt', null ]
9 verbose cache add spec gulp-crypt
10 silly cache add parsed spec { raw: 'gulp-crypt',
10 silly cache add   scope: null,
10 silly cache add   name: 'gulp-crypt',
10 silly cache add   rawSpec: '',
10 silly cache add   spec: '*',
10 silly cache add   type: 'range' }
11 verbose addNamed gulp-crypt@*
12 silly addNamed semver.valid null
13 silly addNamed semver.validRange *
14 silly addNameRange { name: 'gulp-crypt', range: '*', hasData: false }
15 verbose mapToRegistry name gulp-crypt
16 verbose mapToRegistry uri https://registry.npmjs.org/gulp-crypt
17 verbose addNameRange registry:https://registry.npmjs.org/gulp-crypt not in flight; fetching
18 verbose request on initialization, where is /gulp-crypt
19 verbose request after pass 1, where is /gulp-crypt
20 verbose request url raw /gulp-crypt
21 verbose request resolving registry [ 'https://registry.npmjs.org/', './gulp-crypt' ]
22 verbose request after pass 2, where is https://registry.npmjs.org/gulp-crypt
23 verbose request no auth needed
24 info attempt registry request try #1 at 14:24:03
25 verbose request id 64ba1fafa1b05019
26 http request GET https://registry.npmjs.org/gulp-crypt
27 http 404 https://registry.npmjs.org/gulp-crypt
28 verbose headers { date: 'Sat, 10 Jan 2015 05:24:04 GMT',
28 verbose headers   server: 'CouchDB/1.5.0 (Erlang OTP/R14B04)',
28 verbose headers   'content-type': 'application/json',
28 verbose headers   'cache-control': 'max-age=0',
28 verbose headers   'content-length': '52',
28 verbose headers   'accept-ranges': 'bytes',
28 verbose headers   via: '1.1 varnish',
28 verbose headers   age: '0',
28 verbose headers   'x-served-by': 'cache-ty66-TYO',
28 verbose headers   'x-cache': 'MISS',
28 verbose headers   'x-cache-hits': '0',
28 verbose headers   'x-timer': 'S1420867443.349636,VS0,VE727',
28 verbose headers   'keep-alive': 'timeout=10, max=50',
28 verbose headers   connection: 'Keep-Alive' }
29 silly registry.get cb [ 404,
29 silly registry.get   { date: 'Sat, 10 Jan 2015 05:24:04 GMT',
29 silly registry.get     server: 'CouchDB/1.5.0 (Erlang OTP/R14B04)',
29 silly registry.get     'content-type': 'application/json',
29 silly registry.get     'cache-control': 'max-age=0',
29 silly registry.get     'content-length': '52',
29 silly registry.get     'accept-ranges': 'bytes',
29 silly registry.get     via: '1.1 varnish',
29 silly registry.get     age: '0',
29 silly registry.get     'x-served-by': 'cache-ty66-TYO',
29 silly registry.get     'x-cache': 'MISS',
29 silly registry.get     'x-cache-hits': '0',
29 silly registry.get     'x-timer': 'S1420867443.349636,VS0,VE727',
29 silly registry.get     'keep-alive': 'timeout=10, max=50',
29 silly registry.get     connection: 'Keep-Alive' } ]
30 verbose stack Error: 404 Not Found: gulp-crypt
30 verbose stack     at RegClient.<anonymous> (/usr/local/lib/node_modules/npm/node_modules/npm-registry-client/lib/request.js:258:14)
30 verbose stack     at Request._callback (/usr/local/lib/node_modules/npm/node_modules/npm-registry-client/lib/request.js:197:65)
30 verbose stack     at Request.self.callback (/usr/local/lib/node_modules/npm/node_modules/request/request.js:364:22)
30 verbose stack     at Request.emit (events.js:98:17)
30 verbose stack     at Request.<anonymous> (/usr/local/lib/node_modules/npm/node_modules/request/request.js:1318:14)
30 verbose stack     at Request.emit (events.js:117:20)
30 verbose stack     at IncomingMessage.<anonymous> (/usr/local/lib/node_modules/npm/node_modules/request/request.js:1266:12)
30 verbose stack     at IncomingMessage.emit (events.js:117:20)
30 verbose stack     at _stream_readable.js:943:16
30 verbose stack     at process._tickCallback (node.js:419:13)
31 verbose statusCode 404
32 verbose pkgid gulp-crypt
33 verbose cwd /Users/GloriaLee/working/admin
34 error Darwin 14.0.0
35 error argv "node" "/usr/local/bin/npm" "i" "--save-dev" "gulp-crypt"
36 error node v0.10.33
37 error npm  v2.1.6
38 error code E404
39 error 404 Not Found: gulp-crypt
39 error 404
39 error 404 'gulp-crypt' is not in the npm registry.
39 error 404 You should bug the author to publish it (or use the name yourself!)
39 error 404 It was specified as a dependency of 'admin'
39 error 404
39 error 404 Note that you can also install from a
39 error 404 tarball, folder, http url, or git url.
40 verbose exit [ 1, true ]
